2025-10-01 16:35:14.429 [INFO ] ID:[d40c42e1-41cd-46b9-a06a-ba56144cb3a4] Method:[GET] URL:[/api/api-docs] Client:[0:0:0:0:0:0:0:1] --- Request Start ---
2025-10-01 16:35:15.310 [ERROR] ID:[d40c42e1-41cd-46b9-a06a-ba56144cb3a4] Status:[500] Duration:[868ms] --- Request End ---
Response Body: 
{
  "code" : "INTERNAL_SERVER_ERROR",
  "message" : "서버 내부에 오류가 발생했습니다."
}
2025-10-01 16:37:04.667 [INFO ] ID:[a92e0128-3b3c-402e-8e59-c473f540d8e0] Method:[GET] URL:[/api/api-docs] Client:[0:0:0:0:0:0:0:1] --- Request Start ---
2025-10-01 16:37:05.205 [ERROR] ID:[a92e0128-3b3c-402e-8e59-c473f540d8e0] Status:[500] Duration:[538ms] --- Request End ---
Response Body: 
{
  "code" : "INTERNAL_SERVER_ERROR",
  "message" : "서버 내부에 오류가 발생했습니다."
}
2025-10-01 16:37:08.633 [INFO ] ID:[1ab5c910-01ce-4126-8852-a338f7320d38] Method:[GET] URL:[/api/api-docs] Client:[0:0:0:0:0:0:0:1] --- Request Start ---
2025-10-01 16:37:08.830 [ERROR] ID:[1ab5c910-01ce-4126-8852-a338f7320d38] Status:[500] Duration:[196ms] --- Request End ---
Response Body: 
{
  "code" : "INTERNAL_SERVER_ERROR",
  "message" : "서버 내부에 오류가 발생했습니다."
}
2025-10-01 16:41:59.699 [INFO ] ID:[980cd46c-1a5e-4d38-9bd3-23430043314b] Method:[PATCH] URL:[/api/subscribe/3735/category] Client:[0:0:0:0:0:0:0:1] --- Request Start ---
Params : {category=string}
2025-10-01 16:42:00.258 [ERROR] ID:[980cd46c-1a5e-4d38-9bd3-23430043314b] Status:[500] Duration:[549ms] --- Request End ---
Response Body: 
{
  "code" : "INTERNAL_SERVER_ERROR",
  "message" : "서버 내부에 오류가 발생했습니다."
}
2025-10-01 16:42:19.764 [INFO ] ID:[b2ba8dc7-c234-4d34-94d0-68dc0fac2818] Method:[GET] URL:[/api/api-docs] Client:[0:0:0:0:0:0:0:1] --- Request Start ---
2025-10-01 16:42:20.787 [ERROR] ID:[b2ba8dc7-c234-4d34-94d0-68dc0fac2818] Status:[500] Duration:[1023ms] --- Request End ---
Response Body: 
{
  "code" : "INTERNAL_SERVER_ERROR",
  "message" : "서버 내부에 오류가 발생했습니다."
}
2025-10-01 16:42:24.601 [INFO ] ID:[a7f32894-d977-46a1-a463-81d1d966bb0d] Method:[GET] URL:[/api/api-docs] Client:[0:0:0:0:0:0:0:1] --- Request Start ---
2025-10-01 16:42:24.833 [ERROR] ID:[a7f32894-d977-46a1-a463-81d1d966bb0d] Status:[500] Duration:[231ms] --- Request End ---
Response Body: 
{
  "code" : "INTERNAL_SERVER_ERROR",
  "message" : "서버 내부에 오류가 발생했습니다."
}
2025-10-01 17:07:35.853 [INFO ] ID:[05a2d9c5-bef0-45f1-b496-5155b9226c28] Method:[PATCH] URL:[/api/subscribe/3735/category] Client:[0:0:0:0:0:0:0:1] --- Request Start ---
Params : {category=string}
2025-10-01 17:07:36.387 [ERROR] ID:[05a2d9c5-bef0-45f1-b496-5155b9226c28] Status:[500] Duration:[518ms] --- Request End ---
Response Body: 
{
  "code" : "INTERNAL_SERVER_ERROR",
  "message" : "서버 내부에 오류가 발생했습니다."
}
2025-10-01 17:07:57.316 [INFO ] ID:[3d543dff-1273-4718-9486-013510c81ee9] Method:[GET] URL:[/api/subscribe] Client:[0:0:0:0:0:0:0:1] --- Request Start ---
2025-10-01 17:07:57.618 [INFO ] Request End   --- ID:[3d543dff-1273-4718-9486-013510c81ee9] Status:[200] Duration:[299ms]
2025-10-01 17:08:03.956 [INFO ] ID:[881a50ec-4a28-4211-8347-6078e2ae4362] Method:[POST] URL:[/api/subscribe] Client:[0:0:0:0:0:0:0:1] --- Request Start ---
Request Body : {
  "category": "string",
  "device": "string"
}
2025-10-01 17:08:04.255 [INFO ] Request End   --- ID:[881a50ec-4a28-4211-8347-6078e2ae4362] Status:[200] Duration:[298ms]
2025-10-01 17:08:06.941 [INFO ] ID:[5a13bb2e-8df0-417b-83e3-d2fae89f9ebb] Method:[PATCH] URL:[/api/subscribe/3735/category] Client:[0:0:0:0:0:0:0:1] --- Request Start ---
Params : {category=string}
2025-10-01 17:08:07.194 [ERROR] ID:[5a13bb2e-8df0-417b-83e3-d2fae89f9ebb] Status:[500] Duration:[252ms] --- Request End ---
Response Body: 
{
  "code" : "INTERNAL_SERVER_ERROR",
  "message" : "서버 내부에 오류가 발생했습니다."
}
2025-10-01 17:08:11.458 [INFO ] ID:[fa5aab2c-a494-4e45-a80e-7b3920f77c17] Method:[GET] URL:[/api/subscribe/3735] Client:[0:0:0:0:0:0:0:1] --- Request Start ---
2025-10-01 17:08:11.681 [ERROR] ID:[fa5aab2c-a494-4e45-a80e-7b3920f77c17] Status:[500] Duration:[224ms] --- Request End ---
Response Body: 
{
  "code" : "INTERNAL_SERVER_ERROR",
  "message" : "서버 내부에 오류가 발생했습니다."
}
2025-10-01 17:08:17.854 [INFO ] ID:[3f808336-cf3a-4633-af5e-09d7ab0517a0] Method:[GET] URL:[/api/subscribe/2] Client:[0:0:0:0:0:0:0:1] --- Request Start ---
2025-10-01 17:08:18.089 [INFO ] Request End   --- ID:[3f808336-cf3a-4633-af5e-09d7ab0517a0] Status:[200] Duration:[235ms]
2025-10-01 17:08:25.421 [INFO ] ID:[cf913e4d-e56b-4ff4-a47b-5db60a1d4a2b] Method:[PATCH] URL:[/api/subscribe/2/category] Client:[0:0:0:0:0:0:0:1] --- Request Start ---
Params : {category=string}
2025-10-01 17:08:25.769 [INFO ] Request End   --- ID:[cf913e4d-e56b-4ff4-a47b-5db60a1d4a2b] Status:[200] Duration:[348ms]
2025-10-01 17:09:31.776 [INFO ] ID:[1ce7e881-066b-4b36-83ef-e453a0ff41c1] Method:[GET] URL:[/api/api-docs] Client:[0:0:0:0:0:0:0:1] --- Request Start ---
2025-10-01 17:09:32.287 [ERROR] ID:[1ce7e881-066b-4b36-83ef-e453a0ff41c1] Status:[500] Duration:[512ms] --- Request End ---
Response Body: 
{
  "code" : "INTERNAL_SERVER_ERROR",
  "message" : "서버 내부에 오류가 발생했습니다."
}
2025-10-01 17:09:36.401 [INFO ] ID:[422e28a5-c0df-4255-85c5-6b49f33f7dc8] Method:[GET] URL:[/api/api-docs] Client:[0:0:0:0:0:0:0:1] --- Request Start ---
2025-10-01 17:09:36.593 [ERROR] ID:[422e28a5-c0df-4255-85c5-6b49f33f7dc8] Status:[500] Duration:[191ms] --- Request End ---
Response Body: 
{
  "code" : "INTERNAL_SERVER_ERROR",
  "message" : "서버 내부에 오류가 발생했습니다."
}
2025-10-01 17:10:14.150 [INFO ] ID:[66f6c9dd-4d41-44b0-89e2-802af5fb8ce1] Method:[GET] URL:[/api/api-docs] Client:[0:0:0:0:0:0:0:1] --- Request Start ---
2025-10-01 17:10:14.758 [ERROR] ID:[66f6c9dd-4d41-44b0-89e2-802af5fb8ce1] Status:[500] Duration:[605ms] --- Request End ---
Response Body: 
{
  "code" : "INTERNAL_SERVER_ERROR",
  "message" : "서버 내부에 오류가 발생했습니다."
}
